CRITICAL - 2021-04-27 08:35:05 --> Object of class stdClass could not be converted to string
#0 /home/kossick/Documents/SiBe/SiBe_practise_backend/vendor/codeigniter4/framework/system/CodeIgniter.php(936): App\Controllers\Questions->view()
#1 /home/kossick/Documents/SiBe/SiBe_practise_backend/vendor/codeigniter4/framework/system/CodeIgniter.php(432): CodeIgniter\CodeIgniter->runController()
#2 /home/kossick/Documents/SiBe/SiBe_practise_backend/vendor/codeigniter4/framework/system/CodeIgniter.php(333): CodeIgniter\CodeIgniter->handleRequest()
#3 /home/kossick/Documents/SiBe/SiBe_practise_backend/public/index.php(55): CodeIgniter\CodeIgniter->run()
#4 /home/kossick/Documents/SiBe/SiBe_practise_backend/vendor/codeigniter4/framework/system/Commands/Server/rewrite.php(45): require_once('/home/kossick/D...')
#5 {main}
CRITICAL - 2021-04-27 08:37:44 --> Object of class stdClass could not be converted to string
#0 /home/kossick/Documents/SiBe/SiBe_practise_backend/vendor/codeigniter4/framework/system/CodeIgniter.php(936): App\Controllers\Questions->view()
#1 /home/kossick/Documents/SiBe/SiBe_practise_backend/vendor/codeigniter4/framework/system/CodeIgniter.php(432): CodeIgniter\CodeIgniter->runController()
#2 /home/kossick/Documents/SiBe/SiBe_practise_backend/vendor/codeigniter4/framework/system/CodeIgniter.php(333): CodeIgniter\CodeIgniter->handleRequest()
#3 /home/kossick/Documents/SiBe/SiBe_practise_backend/public/index.php(55): CodeIgniter\CodeIgniter->run()
#4 /home/kossick/Documents/SiBe/SiBe_practise_backend/vendor/codeigniter4/framework/system/Commands/Server/rewrite.php(45): require_once('/home/kossick/D...')
#5 {main}
CRITICAL - 2021-04-27 08:38:53 --> Object of class stdClass could not be converted to string
#0 /home/kossick/Documents/SiBe/SiBe_practise_backend/vendor/codeigniter4/framework/system/CodeIgniter.php(936): App\Controllers\Questions->view()
#1 /home/kossick/Documents/SiBe/SiBe_practise_backend/vendor/codeigniter4/framework/system/CodeIgniter.php(432): CodeIgniter\CodeIgniter->runController()
#2 /home/kossick/Documents/SiBe/SiBe_practise_backend/vendor/codeigniter4/framework/system/CodeIgniter.php(333): CodeIgniter\CodeIgniter->handleRequest()
#3 /home/kossick/Documents/SiBe/SiBe_practise_backend/public/index.php(55): CodeIgniter\CodeIgniter->run()
#4 /home/kossick/Documents/SiBe/SiBe_practise_backend/vendor/codeigniter4/framework/system/Commands/Server/rewrite.php(45): require_once('/home/kossick/D...')
#5 {main}
CRITICAL - 2021-04-27 08:43:49 --> Object of class stdClass could not be converted to string
#0 /home/kossick/Documents/SiBe/SiBe_practise_backend/vendor/codeigniter4/framework/system/CodeIgniter.php(936): App\Controllers\Questions->getAnswer()
#1 /home/kossick/Documents/SiBe/SiBe_practise_backend/vendor/codeigniter4/framework/system/CodeIgniter.php(432): CodeIgniter\CodeIgniter->runController()
#2 /home/kossick/Documents/SiBe/SiBe_practise_backend/vendor/codeigniter4/framework/system/CodeIgniter.php(333): CodeIgniter\CodeIgniter->handleRequest()
#3 /home/kossick/Documents/SiBe/SiBe_practise_backend/public/index.php(55): CodeIgniter\CodeIgniter->run()
#4 /home/kossick/Documents/SiBe/SiBe_practise_backend/vendor/codeigniter4/framework/system/Commands/Server/rewrite.php(45): require_once('/home/kossick/D...')
#5 {main}
CRITICAL - 2021-04-27 08:44:02 --> Object of class stdClass could not be converted to string
#0 /home/kossick/Documents/SiBe/SiBe_practise_backend/vendor/codeigniter4/framework/system/CodeIgniter.php(936): App\Controllers\Questions->getAnswer()
#1 /home/kossick/Documents/SiBe/SiBe_practise_backend/vendor/codeigniter4/framework/system/CodeIgniter.php(432): CodeIgniter\CodeIgniter->runController()
#2 /home/kossick/Documents/SiBe/SiBe_practise_backend/vendor/codeigniter4/framework/system/CodeIgniter.php(333): CodeIgniter\CodeIgniter->handleRequest()
#3 /home/kossick/Documents/SiBe/SiBe_practise_backend/public/index.php(55): CodeIgniter\CodeIgniter->run()
#4 /home/kossick/Documents/SiBe/SiBe_practise_backend/vendor/codeigniter4/framework/system/Commands/Server/rewrite.php(45): require_once('/home/kossick/D...')
#5 {main}
